<?xml version="1.0" encoding="UTF-8"?>
<!-- Generated by org.testng.reporters.JUnitReportReporter -->
<testsuite hostname="Dibyansh_Verma" failures="0" tests="1" name="SumValidationOnJSON" time="0.026" errors="0" timestamp="2024-02-29T09:14:31 IST" skipped="0">
  <testcase classname="SumValidationOnJSON" name="sumofcources" time="0.026"/>
</testsuite> <!-- SumValidationOnJSON -->
