<?xml version="1.0" encoding="UTF-8"?>
<!-- Generated by org.testng.reporters.JUnitReportReporter -->
<testsuite hostname="Dibyansh_Verma" failures="0" tests="1" name="SumValidationOnJSON" time="0.849" errors="0" timestamp="2024-03-01T09:39:29 IST" skipped="0">
  <testcase classname="SumValidationOnJSON" name="sumofcources" time="0.849"/>
</testsuite> <!-- SumValidationOnJSON -->
